<?xml version="1.0" encoding="UTF-8"?>
<!-- Generated by org.testng.reporters.JUnitReportReporter -->
<testsuite hostname="DESKTOP-KNMG9OO" name="testcases.TC_001" tests="1" failures="0" timestamp="24 Jun 2021 19:19:29 GMT" time="28.240" errors="0">
  <testcase name="TestCase" time="28.240" classname="testcases.TC_001"/>
</testsuite> <!-- testcases.TC_001 -->
